creative/app/gradleBuild/outputs/logs/manifest-merger-debug-report.txt
-- Merging decision tree log ---
manifest
ADDED from creative\app\AndroidManifest.xml:2:1-21:12
MERGED from [org.tensorflow:tensorflow-android:1.13.1] AndroidManifest.xml:2:1-8:12
	package
		ADDED from creative\app\AndroidManifest.xml:3:5-37
	xmlns:android
		ADDED from creative\app\AndroidManifest.xml:2:11-69
application
ADDED from creative\app\AndroidManifest.xml:5:5-19:19
MERGED from [org.tensorflow:tensorflow-android:1.13.1] AndroidManifest.xml:5:5-6:19
MERGED from [org.tensorflow:tensorflow-android:1.13.1] AndroidManifest.xml:5:5-6:19
	android:supportsRtl
		ADDED from creative\app\AndroidManifest.xml:10:9-35
	android:label
		ADDED from creative\app\AndroidManifest.xml:8:9-41
	android:roundIcon
		ADDED from creative\app\AndroidManifest.xml:9:9-54
	android:icon
		ADDED from creative\app\AndroidManifest.xml:7:9-43
	android:allowBackup
		ADDED from creative\app\AndroidManifest.xml:6:9-35
	android:theme
		ADDED from creative\app\AndroidManifest.xml:11:9-40
activity#multi.android.creative.MainActivity
ADDED from creative\app\AndroidManifest.xml:12:9-18:20
	android:name
		ADDED from creative\app\AndroidManifest.xml:12:19-47
intent-filter#action:name:android.intent.action.MAIN+category:name:android.intent.category.LAUNCHER
ADDED from creative\app\AndroidManifest.xml:13:13-17:29
action#android.intent.action.MAIN
ADDED from creative\app\AndroidManifest.xml:14:17-69
	android:name
		ADDED from creative\app\AndroidManifest.xml:14:25-66
category#android.intent.category.LAUNCHER
ADDED from creative\app\AndroidManifest.xml:16:17-77
	android:name
		ADDED from creative\app\AndroidManifest.xml:16:27-74
uses-sdk
INJECTED from creative\app\AndroidManifest.xml reason: use-sdk injection requested
INJECTED from creative\app\AndroidManifest.xml
INJECTED from creative\app\AndroidManifest.xml
INJECTED from creative\app\AndroidManifest.xml
INJECTED from creative\app\AndroidManifest.xml
	android:targetSdkVersion
		INJECTED from creative\app\AndroidManifest.xml
		ADDED from creative\app\AndroidManifest.xml
		INJECTED from creative\app\AndroidManifest.xml
	android:minSdkVersion
		INJECTED from creative\app\AndroidManifest.xml
		ADDED from creative\app\AndroidManifest.xml
		INJECTED from creative\app\AndroidManifest.xml
uses-permission#android.permission.WRITE_EXTERNAL_STORAGE
IMPLIED from creative\app\AndroidManifest.xml:2:1-21:12 reason: tensorflow.contrib.android has a targetSdkVersion < 4
uses-permission#android.permission.READ_PHONE_STATE
IMPLIED from creative\app\AndroidManifest.xml:2:1-21:12 reason: tensorflow.contrib.android has a targetSdkVersion < 4
uses-permission#android.permission.READ_EXTERNAL_STORAGE
IMPLIED from creative\app\AndroidManifest.xml:2:1-21:12 reason: tensorflow.contrib.android requested WRITE_EXTERNAL_STORAGE